<?xml version="1.0" encoding="UTF-8"?>
<!-- Generated by org.testng.reporters.JUnitReportReporter -->
<testsuite hostname="RavitejaReddy" failures="0" tests="1" name="Web.Selectable" time="3.781" errors="0" timestamp="2021-07-22T18:28:52 IST" skipped="0">
  <testcase classname="Web.Selectable" name="script1" time="3.781"/>
  <system-out/>
</testsuite> <!-- Web.Selectable -->
