<?xml version="1.0" encoding="UTF-8"?>
<!-- Generated by org.testng.reporters.JUnitReportReporter -->
<testsuite hostname="RavitejaReddy" failures="0" tests="1" name="Web.Hyperlink" time="3.138" errors="0" timestamp="2021-07-22T18:19:57 IST" skipped="0">
  <testcase classname="Web.Hyperlink" name="script1" time="3.138"/>
  <system-out/>
</testsuite> <!-- Web.Hyperlink -->
