<?xml version="1.0" encoding="UTF-8"?>
<!-- Generated by org.testng.reporters.JUnitReportReporter -->
<testsuite hostname="RavitejaReddy" failures="0" tests="1" name="Web.Alert3" time="2.831" errors="0" timestamp="2021-07-22T18:16:25 IST" skipped="0">
  <testcase classname="Web.Alert3" name="SweetAlert" time="2.831"/>
  <system-out/>
</testsuite> <!-- Web.Alert3 -->
