<?xml version="1.0" encoding="UTF-8"?>
<!-- Generated by org.testng.reporters.JUnitReportReporter -->
<testsuite hostname="RavitejaReddy" failures="0" tests="1" name="Runner.runner1" time="9.662" errors="0" timestamp="2021-07-26T14:23:35 IST" skipped="0">
  <testcase classname="Runner.runner1" name="runScenario" time="9.662"/>
  <system-out/>
</testsuite> <!-- Runner.runner1 -->
