<?xml version="1.0" encoding="UTF-8"?>
<!-- Generated by org.testng.reporters.JUnitReportReporter -->
<testsuite hostname="RavitejaReddy" failures="0" tests="1" name="Functionality.ToolTip" time="2.782" errors="0" timestamp="2021-07-23T14:08:10 IST" skipped="0">
  <testcase classname="Functionality.ToolTip" name="script1" time="2.782"/>
  <system-out/>
</testsuite> <!-- Functionality.ToolTip -->
