<?xml version="1.0" encoding="UTF-8"?>
<!-- Generated by org.testng.reporters.JUnitReportReporter -->
<testsuite hostname="RavitejaReddy" failures="0" tests="1" name="Web.Testttttt" time="3.758" errors="0" timestamp="2021-07-22T15:01:29 IST" skipped="0">
  <testcase classname="Web.Testttttt" name="script1" time="3.758"/>
  <system-out/>
</testsuite> <!-- Web.Testttttt -->
