<?xml version="1.0" encoding="UTF-8"?>
<!-- Generated by org.testng.reporters.JUnitReportReporter -->
<testsuite hostname="RavitejaReddy" failures="0" tests="1" name="Web.Button" time="3.809" errors="0" timestamp="2021-07-22T18:17:26 IST" skipped="0">
  <testcase classname="Web.Button" name="script1" time="3.809"/>
  <system-out/>
</testsuite> <!-- Web.Button -->
