<?xml version="1.0" encoding="UTF-8"?>
<!-- Generated by org.testng.reporters.JUnitReportReporter -->
<testsuite hostname="RavitejaReddy" failures="0" tests="1" name="Web.RobotMethod" time="5.195" errors="0" timestamp="2021-07-22T18:28:10 IST" skipped="0">
  <testcase classname="Web.RobotMethod" name="script1" time="5.195"/>
  <system-out/>
</testsuite> <!-- Web.RobotMethod -->
