<?xml version="1.0" encoding="UTF-8"?>
<!-- Generated by org.testng.reporters.JUnitReportReporter -->
<testsuite hostname="RavitejaReddy" failures="0" tests="1" name="Functionality.Tooltip1" time="3.181" errors="0" timestamp="2021-07-23T14:08:56 IST" skipped="0">
  <testcase classname="Functionality.Tooltip1" name="script1" time="3.181"/>
  <system-out/>
</testsuite> <!-- Functionality.Tooltip1 -->
