<?xml version="1.0" encoding="UTF-8"?>
<!-- Generated by org.testng.reporters.JUnitReportReporter -->
<testsuite hostname="RavitejaReddy" failures="0" tests="1" name="Functionality.DeleteeeeCookies" time="4.406" errors="0" timestamp="2021-07-23T12:51:53 IST" skipped="0">
  <testcase classname="Functionality.DeleteeeeCookies" name="script1" time="4.406"/>
  <system-out/>
</testsuite> <!-- Functionality.DeleteeeeCookies -->
