<?xml version="1.0" encoding="UTF-8"?>
<!-- Generated by org.testng.reporters.JUnitReportReporter -->
<testsuite hostname="RavitejaReddy" failures="0" tests="1" name="Functionality.Scroll" time="3.614" errors="0" timestamp="2021-07-22T15:34:02 IST" skipped="0">
  <testcase classname="Functionality.Scroll" name="script1" time="3.614"/>
  <system-out/>
</testsuite> <!-- Functionality.Scroll -->
