<?xml version="1.0" encoding="UTF-8"?>
<!-- Generated by org.testng.reporters.JUnitReportReporter -->
<testsuite hostname="RavitejaReddy" failures="0" tests="1" name="Web.Multiple" time="3.130" errors="0" timestamp="2021-07-22T18:20:34 IST" skipped="0">
  <testcase classname="Web.Multiple" name="isMultipledemo" time="3.130"/>
  <system-out/>
</testsuite> <!-- Web.Multiple -->
