<?xml version="1.0" encoding="UTF-8"?>
<!-- Generated by org.testng.reporters.JUnitReportReporter -->
<testsuite hostname="RavitejaReddy" failures="0" tests="1" name="Functionality.Download1" time="3.192" errors="0" timestamp="2021-07-26T11:28:23 IST" skipped="0">
  <testcase classname="Functionality.Download1" name="script1" time="3.192"/>
  <system-out/>
</testsuite> <!-- Functionality.Download1 -->
