<?xml version="1.0" encoding="UTF-8"?>
<!-- Generated by org.testng.reporters.JUnitReportReporter -->
<testsuite hostname="RavitejaReddy" failures="0" tests="1" name="Functionality.Gcookies" time="2.409" errors="0" timestamp="2021-07-23T12:16:42 IST" skipped="0">
  <testcase classname="Functionality.Gcookies" name="script1" time="2.409"/>
  <system-out/>
</testsuite> <!-- Functionality.Gcookies -->
