<?xml version="1.0" encoding="UTF-8"?>
<!-- Generated by org.testng.reporters.JUnitReportReporter -->
<testsuite hostname="RavitejaReddy" failures="0" tests="1" name="Functionality.CPProgram1" time="3.300" errors="0" timestamp="2021-07-23T14:07:46 IST" skipped="0">
  <testcase classname="Functionality.CPProgram1" name="script1" time="3.300"/>
  <system-out/>
</testsuite> <!-- Functionality.CPProgram1 -->
