<?xml version="1.0" encoding="UTF-8"?>
<!-- Generated by org.testng.reporters.JUnitReportReporter -->
<testsuite hostname="RavitejaReddy" failures="0" tests="1" name="Web.Webelement" time="4.448" errors="0" timestamp="2021-07-20T15:46:20 IST" skipped="0">
  <testcase classname="Web.Webelement" name="script1" time="4.448"/>
  <system-out/>
</testsuite> <!-- Web.Webelement -->
