<?xml version="1.0" encoding="UTF-8"?>
<!-- Generated by org.testng.reporters.JUnitReportReporter -->
<testsuite hostname="RavitejaReddy" failures="0" tests="1" name="Web.Checkbox" time="3.751" errors="0" timestamp="2021-07-22T18:18:05 IST" skipped="0">
  <testcase classname="Web.Checkbox" name="script1" time="3.751"/>
  <system-out/>
</testsuite> <!-- Web.Checkbox -->
