<?xml version="1.0" encoding="UTF-8"?>
<!-- Generated by org.testng.reporters.JUnitReportReporter -->
<testsuite hostname="RavitejaReddy" failures="0" tests="1" name="Functionality.Write1" time="2.765" errors="0" timestamp="2021-07-22T19:02:13 IST" skipped="0">
  <testcase classname="Functionality.Write1" name="script1" time="2.765"/>
  <system-out/>
</testsuite> <!-- Functionality.Write1 -->
