<?xml version="1.0" encoding="UTF-8"?>
<!-- Generated by org.testng.reporters.JUnitReportReporter -->
<testsuite hostname="RavitejaReddy" failures="0" tests="1" name="Functionality.CPProgram" time="1.940" errors="0" timestamp="2021-07-23T14:09:40 IST" skipped="0">
  <testcase classname="Functionality.CPProgram" name="readconfig" time="1.940"/>
  <system-out/>
</testsuite> <!-- Functionality.CPProgram -->
