<?xml version="1.0" encoding="UTF-8"?>
<!-- Generated by org.testng.reporters.JUnitReportReporter -->
<testsuite hostname="RavitejaReddy" failures="0" tests="1" name="Web.Ppp" time="4.850" errors="0" timestamp="2021-07-21T17:19:39 IST" skipped="0">
  <testcase classname="Web.Ppp" name="script1" time="4.850"/>
  <system-out/>
</testsuite> <!-- Web.Ppp -->
