<?xml version="1.0" encoding="UTF-8"?>
<!-- Generated by org.testng.reporters.JUnitReportReporter -->
<testsuite hostname="RavitejaReddy" failures="0" tests="1" name="Web.Windows1" time="8.161" errors="0" timestamp="2021-07-22T18:30:39 IST" skipped="0">
  <testcase classname="Web.Windows1" name="script" time="8.161"/>
  <system-out/>
</testsuite> <!-- Web.Windows1 -->
