<?xml version="1.0" encoding="UTF-8"?>
<!-- Generated by org.testng.reporters.JUnitReportReporter -->
<testsuite hostname="RavitejaReddy" failures="0" tests="1" name="Web.Wait" time="6.693" errors="0" timestamp="2021-07-19T15:07:10 IST" skipped="0">
  <testcase classname="Web.Wait" name="script1" time="6.693"/>
  <system-out/>
</testsuite> <!-- Web.Wait -->
