<?xml version="1.0" encoding="UTF-8"?>
<!-- Generated by org.testng.reporters.JUnitReportReporter -->
<testsuite hostname="RavitejaReddy" failures="0" tests="1" name="Web.Takescreenshot" time="3.714" errors="0" timestamp="2021-07-22T18:27:21 IST" skipped="0">
  <testcase classname="Web.Takescreenshot" name="script1" time="3.714"/>
  <system-out/>
</testsuite> <!-- Web.Takescreenshot -->
