<?xml version="1.0" encoding="UTF-8"?>
<!-- Generated by org.testng.reporters.JUnitReportReporter -->
<testsuite hostname="RavitejaReddy" failures="0" tests="1" name="Web.AutocompleteUnorderedList" time="2.636" errors="0" timestamp="2021-07-22T18:16:44 IST" skipped="0">
  <testcase classname="Web.AutocompleteUnorderedList" name="script1" time="2.636"/>
  <system-out/>
</testsuite> <!-- Web.AutocompleteUnorderedList -->
