<?xml version="1.0" encoding="UTF-8"?>
<!-- Generated by org.testng.reporters.JUnitReportReporter -->
<testsuite hostname="RavitejaReddy" failures="0" tests="1" name="Imp.Alert" time="7.984" errors="0" timestamp="2021-07-17T19:40:11 IST" skipped="0">
  <testcase classname="Imp.Alert" name="script" time="7.984"/>
  <system-out/>
</testsuite> <!-- Imp.Alert -->
