<?xml version="1.0" encoding="UTF-8"?>
<!-- Generated by org.testng.reporters.JUnitReportReporter -->
<testsuite hostname="RavitejaReddy" failures="0" tests="1" name="Web.Scroll" time="3.005" errors="0" timestamp="2021-07-21T15:29:24 IST" skipped="0">
  <testcase classname="Web.Scroll" name="script1" time="3.005"/>
  <system-out/>
</testsuite> <!-- Web.Scroll -->
