<?xml version="1.0" encoding="UTF-8"?>
<!-- Generated by org.testng.reporters.JUnitReportReporter -->
<testsuite hostname="RavitejaReddy" failures="0" tests="1" name="Functionality.Login" time="9.065" errors="0" timestamp="2021-07-22T15:14:14 IST" skipped="0">
  <testcase classname="Functionality.Login" name="script1" time="9.065"/>
  <system-out/>
</testsuite> <!-- Functionality.Login -->
