<?xml version="1.0" encoding="UTF-8"?>
<!-- Generated by org.testng.reporters.JUnitReportReporter -->
<testsuite hostname="RavitejaReddy" failures="0" tests="1" name="Functionality.ReadDatadriven" time="10.483" errors="0" timestamp="2021-07-22T15:14:32 IST" skipped="0">
  <testcase classname="Functionality.ReadDatadriven" name="script1" time="10.483"/>
  <system-out/>
</testsuite> <!-- Functionality.ReadDatadriven -->
