<?xml version="1.0" encoding="UTF-8"?>
<!-- Generated by org.testng.reporters.JUnitReportReporter -->
<testsuite hostname="RavitejaReddy" failures="0" tests="1" name="Web.DragandDrop1" time="3.383" errors="0" timestamp="2021-07-22T18:18:30 IST" skipped="0">
  <testcase classname="Web.DragandDrop1" name="script1" time="3.383"/>
  <system-out/>
</testsuite> <!-- Web.DragandDrop1 -->
