<?xml version="1.0" encoding="UTF-8"?>
<!-- Generated by org.testng.reporters.JUnitReportReporter -->
<testsuite hostname="RavitejaReddy" failures="0" tests="1" name="Web.UnOrderedlist" time="5.067" errors="0" timestamp="2021-07-22T18:29:38 IST" skipped="0">
  <testcase classname="Web.UnOrderedlist" name="script1" time="5.067"/>
  <system-out/>
</testsuite> <!-- Web.UnOrderedlist -->
