<?xml version="1.0" encoding="UTF-8"?>
<!-- Generated by org.testng.reporters.JUnitReportReporter -->
<testsuite hostname="RavitejaReddy" failures="0" tests="1" name="Functionality.upload" time="5.894" errors="0" timestamp="2021-07-26T11:48:29 IST" skipped="0">
  <testcase classname="Functionality.upload" name="script1" time="5.894"/>
  <system-out/>
</testsuite> <!-- Functionality.upload -->
