<?xml version="1.0" encoding="UTF-8"?>
<!-- Generated by org.testng.reporters.JUnitReportReporter -->
<testsuite hostname="RavitejaReddy" failures="0" tests="1" name="Web.Selectable1" time="7.754" errors="0" timestamp="2021-07-20T15:00:30 IST" skipped="0">
  <testcase classname="Web.Selectable1" name="script1" time="7.754"/>
  <system-out/>
</testsuite> <!-- Web.Selectable1 -->
