<?xml version="1.0" encoding="UTF-8"?>
<!-- Generated by org.testng.reporters.JUnitReportReporter -->
<testsuite hostname="RavitejaReddy" failures="0" tests="1" name="Functionality.DeleteeeAllCookies" time="5.063" errors="0" timestamp="2021-07-23T12:53:29 IST" skipped="0">
  <testcase classname="Functionality.DeleteeeAllCookies" name="script1" time="5.063"/>
  <system-out/>
</testsuite> <!-- Functionality.DeleteeeAllCookies -->
