<?xml version="1.0" encoding="UTF-8"?>
<!-- Generated by org.testng.reporters.JUnitReportReporter -->
<testsuite hostname="RavitejaReddy" failures="0" tests="1" name="Functionality.Ap" time="4.189" errors="0" timestamp="2021-07-23T00:02:50 IST" skipped="0">
  <testcase classname="Functionality.Ap" name="Script1" time="4.189"/>
  <system-out/>
</testsuite> <!-- Functionality.Ap -->
