<?xml version="1.0" encoding="UTF-8"?>
<!-- Generated by org.testng.reporters.JUnitReportReporter -->
<testsuite hostname="RavitejaReddy" failures="0" tests="1" name="Web.BasicCommand" time="3.110" errors="0" timestamp="2021-07-22T18:17:01 IST" skipped="0">
  <testcase classname="Web.BasicCommand" name="script" time="3.110"/>
  <system-out/>
</testsuite> <!-- Web.BasicCommand -->
