<?xml version="1.0" encoding="UTF-8"?>
<!-- Generated by org.testng.reporters.JUnitReportReporter -->
<testsuite hostname="RavitejaReddy" failures="0" tests="1" name="Functionality.Write" time="0.729" errors="0" timestamp="2021-07-22T19:01:10 IST" skipped="0">
  <testcase classname="Functionality.Write" name="XL" time="0.729"/>
  <system-out/>
</testsuite> <!-- Functionality.Write -->
