<?xml version="1.0" encoding="UTF-8"?>
<!-- Generated by org.testng.reporters.JUnitReportReporter -->
<testsuite hostname="RavitejaReddy" failures="0" tests="1" name="Web.Frame1" time="2.986" errors="0" timestamp="2021-07-22T18:19:42 IST" skipped="0">
  <testcase classname="Web.Frame1" name="script" time="2.986"/>
  <system-out/>
</testsuite> <!-- Web.Frame1 -->
