<?xml version="1.0" encoding="UTF-8"?>
<!-- Generated by org.testng.reporters.JUnitReportReporter -->
<testsuite hostname="RavitejaReddy" failures="0" tests="1" name="Web.Radiobutton" time="2.980" errors="0" timestamp="2021-07-22T18:28:37 IST" skipped="0">
  <testcase classname="Web.Radiobutton" name="script1" time="2.980"/>
  <system-out/>
</testsuite> <!-- Web.Radiobutton -->
