<?xml version="1.0" encoding="UTF-8"?>
<!-- Generated by org.testng.reporters.JUnitReportReporter -->
<testsuite hostname="RavitejaReddy" failures="0" tests="1" name="Web.Script" time="5.260" errors="0" timestamp="2021-07-21T15:12:02 IST" skipped="0">
  <testcase classname="Web.Script" name="script1" time="5.260"/>
  <system-out/>
</testsuite> <!-- Web.Script -->
