<?xml version="1.0" encoding="UTF-8"?>
<!-- Generated by org.testng.reporters.JUnitReportReporter -->
<testsuite hostname="RavitejaReddy" failures="0" tests="1" name="Functionality.Script" time="6.435" errors="0" timestamp="2021-07-22T15:29:46 IST" skipped="0">
  <testcase classname="Functionality.Script" name="script1" time="6.435"/>
  <system-out/>
</testsuite> <!-- Functionality.Script -->
