<?xml version="1.0" encoding="UTF-8"?>
<!-- Generated by org.testng.reporters.JUnitReportReporter -->
<testsuite hostname="RavitejaReddy" failures="0" tests="1" name="Web.Test1" time="4.962" errors="0" timestamp="2021-07-16T14:31:21 IST" skipped="0">
  <testcase classname="Web.Test1" name="script1" time="4.962"/>
  <system-out/>
</testsuite> <!-- Web.Test1 -->
