<?xml version="1.0" encoding="UTF-8"?>
<!-- Generated by org.testng.reporters.JUnitReportReporter -->
<testsuite hostname="RavitejaReddy" failures="0" tests="1" name="Web.Alert1" time="2.514" errors="0" timestamp="2021-07-22T18:14:59 IST" skipped="0">
  <testcase classname="Web.Alert1" name="script1" time="2.514"/>
  <system-out/>
</testsuite> <!-- Web.Alert1 -->
