<?xml version="1.0" encoding="UTF-8"?>
<!-- Generated by org.testng.reporters.JUnitReportReporter -->
<testsuite hostname="RavitejaReddy" failures="0" tests="1" name="Web.Alert" time="2.688" errors="0" timestamp="2021-07-22T18:14:43 IST" skipped="0">
  <testcase classname="Web.Alert" name="script" time="2.688"/>
  <system-out/>
</testsuite> <!-- Web.Alert -->
