<?xml version="1.0" encoding="UTF-8"?>
<!-- Generated by org.testng.reporters.JUnitReportReporter -->
<testsuite hostname="RavitejaReddy" failures="0" tests="1" name="Web.Window" time="9.451" errors="0" timestamp="2021-07-20T09:06:22 IST" skipped="0">
  <testcase classname="Web.Window" name="script" time="9.451"/>
  <system-out/>
</testsuite> <!-- Web.Window -->
