<?xml version="1.0" encoding="UTF-8"?>
<!-- Generated by org.testng.reporters.JUnitReportReporter -->
<testsuite hostname="RavitejaReddy" failures="0" tests="1" name="Functionality.AddddCookie" time="5.169" errors="0" timestamp="2021-07-23T12:47:28 IST" skipped="0">
  <testcase classname="Functionality.AddddCookie" name="script1" time="5.169"/>
  <system-out/>
</testsuite> <!-- Functionality.AddddCookie -->
