<?xml version="1.0" encoding="UTF-8"?>
<!-- Generated by org.testng.reporters.JUnitReportReporter -->
<testsuite hostname="RavitejaReddy" failures="0" tests="1" name="Functionality.ReadJXL" time="11.469" errors="0" timestamp="2021-07-22T12:15:57 IST" skipped="0">
  <testcase classname="Functionality.ReadJXL" name="script1" time="11.469"/>
  <system-out/>
</testsuite> <!-- Functionality.ReadJXL -->
