<?xml version="1.0" encoding="UTF-8"?>
<!-- Generated by org.testng.reporters.JUnitReportReporter -->
<testsuite hostname="RavitejaReddy" failures="0" tests="1" name="Web.WebElementDoubleclick" time="3.068" errors="0" timestamp="2021-07-22T18:43:33 IST" skipped="0">
  <testcase classname="Web.WebElementDoubleclick" name="script1" time="3.068"/>
  <system-out/>
</testsuite> <!-- Web.WebElementDoubleclick -->
