<?xml version="1.0" encoding="UTF-8"?>
<!-- Generated by org.testng.reporters.JUnitReportReporter -->
<testsuite hostname="RavitejaReddy" failures="0" tests="1" name="Functionality.ApacheAssignment" time="0.463" errors="0" timestamp="2021-07-22T23:45:01 IST" skipped="0">
  <testcase classname="Functionality.ApacheAssignment" name="script1" time="0.463"/>
  <system-out/>
</testsuite> <!-- Functionality.ApacheAssignment -->
