<?xml version="1.0" encoding="UTF-8"?>
<!-- Generated by org.testng.reporters.JUnitReportReporter -->
<testsuite hostname="RavitejaReddy" failures="0" tests="1" name="Web.Windows" time="6.098" errors="0" timestamp="2021-07-22T18:30:19 IST" skipped="0">
  <testcase classname="Web.Windows" name="script" time="6.098"/>
  <system-out/>
</testsuite> <!-- Web.Windows -->
