<?xml version="1.0" encoding="UTF-8"?>
<!-- Generated by org.testng.reporters.JUnitReportReporter -->
<testsuite hostname="RavitejaReddy" failures="0" tests="1" name="Web.Window1" time="12.046" errors="0" timestamp="2021-07-20T09:04:06 IST" skipped="0">
  <testcase classname="Web.Window1" name="script" time="12.046"/>
  <system-out/>
</testsuite> <!-- Web.Window1 -->
