<?xml version="1.0" encoding="UTF-8"?>
<!-- Generated by org.testng.reporters.JUnitReportReporter -->
<testsuite hostname="RavitejaReddy" failures="0" tests="1" name="Web.Navigate" time="3.092" errors="0" timestamp="2021-07-22T18:21:03 IST" skipped="0">
  <testcase classname="Web.Navigate" name="script" time="3.092"/>
  <system-out/>
</testsuite> <!-- Web.Navigate -->
